<?xml version="1.0" encoding="UTF-8"?>
<testsuite name="co.com.reto.bancolombia.runners.CyclesRunner" tests="0" skipped="0" failures="0" errors="0" timestamp="1970-01-01T00:00:00" hostname="DESKTOP-ONJ7MUI" time="0.0">
  <properties/>
  <system-out><![CDATA[
?[31mFailed scenarios:?[0m
file:///C:/Users/MauricioLeal/Documents/Choucair/Continuoustraining/Prueba%20Bancolombia/co.com.reto.bancolombia/src/test/resources/features/number_array.feature:6 # Select position in the array

1 Scenarios (?[31m1 failed?[0m)
3 Steps (?[31m1 failed?[0m, ?[36m1 skipped?[0m, ?[32m1 passed?[0m)
0m52,596s


java.lang.AssertionError: 
Expected: an element that is currently visible
     but: no matching element found by xpath: //button[@value='158'] was not visible
	at net.serenitybdd.screenplay.ErrorTally.throwSummaryExceptionFrom(ErrorTally.java:36)
	at net.serenitybdd.screenplay.ErrorTally.reportAnyErrors(ErrorTally.java:30)
	at net.serenitybdd.screenplay.Actor.should(Actor.java:316)
	at net.serenitybdd.screenplay.waits.WaitUntilBuilder$1.performAs(WaitUntilBuilder.java:29)
	at net.serenitybdd.screenplay.Actor.performTask(Actor.java:248)
	at net.serenitybdd.screenplay.Actor.perform(Actor.java:229)
	at net.serenitybdd.screenplay.Actor.performSilently(Actor.java:209)
	at net.serenitybdd.screenplay.Actor.attemptsTo(Actor.java:171)
	at co.com.reto.bancolombia.tasks.CalculatePosition.performAs(CalculatePosition.java:25)
	at co.com.reto.bancolombia.tasks.CalculatePosition$ByteBuddy$s65rjpdq.performAs$accessor$ChaBHNTV(Unknown Source)
	at sun.reflect.NativeMethodAccessorImpl.invoke0(Native Method)
	at sun.reflect.NativeMethodAccessorImpl.invoke(NativeMethodAccessorImpl.java:62)
	at sun.reflect.DelegatingMethodAccessorImpl.invoke(DelegatingMethodAccessorImpl.java:43)
	at java.lang.reflect.Method.invoke(Method.java:498)
	at net.thucydides.core.steps.StepInterceptor.invokeMethod(StepInterceptor.java:504)
	at net.thucydides.core.steps.StepInterceptor.executeTestStepMethod(StepInterceptor.java:484)
	at net.thucydides.core.steps.StepInterceptor.runTestStep(StepInterceptor.java:458)
	at net.thucydides.core.steps.StepInterceptor.runOrSkipMethod(StepInterceptor.java:210)
	at net.thucydides.core.steps.StepInterceptor.testStepResult(StepInterceptor.java:197)
	at net.thucydides.core.steps.StepInterceptor.intercept(StepInterceptor.java:85)
	at net.thucydides.core.steps.ProxyConfiguration$InterceptorDispatcher.intercept(ProxyConfiguration.java:51)
	at co.com.reto.bancolombia.tasks.CalculatePosition$ByteBuddy$s65rjpdq.performAs(Unknown Source)
	at net.serenitybdd.screenplay.Actor.performTask(Actor.java:248)
	at net.serenitybdd.screenplay.Actor.perform(Actor.java:229)
	at net.serenitybdd.screenplay.Actor.attemptsTo(Actor.java:175)
	at co.com.reto.bancolombia.stepdefinitions.CyclesStepDefinition.iCalculatePositionOfTheNumberInTheArrayInAllCycles(CyclesStepDefinition.java:34)
	at ?.i calculate position of the number in the array in all cycles(file:///C:/Users/MauricioLeal/Documents/Choucair/Continuoustraining/Prueba%20Bancolombia/co.com.reto.bancolombia/src/test/resources/features/number_array.feature:7)


]]></system-out>
  <system-err><![CDATA[[Test worker] INFO io.cucumber.core.plugin.SerenityReporter - Running feature from file:///C:/Users/MauricioLeal/Documents/Choucair/Continuoustraining/Prueba%20Bancolombia/co.com.reto.bancolombia/src/test/resources/features/number_array.feature
[Test worker] INFO  - 

-------------------------------------------------------------------------------------
     _______. _______ .______       _______ .__   __.  __  .___________.____    ____ 
    /       ||   ____||   _  \     |   ____||  \ |  | |  | |           |\   \  /   / 
   |   (----`|  |__   |  |_)  |    |  |__   |   \|  | |  | `---|  |----` \   \/   /  
    \   \    |   __|  |      /     |   __|  |  . `  | |  |     |  |       \_    _/   
.----)   |   |  |____ |  |\  \----.|  |____ |  |\   | |  |     |  |         |  |     
|_______/    |_______|| _| `._____||_______||__| \__| |__|     |__|         |__|    
                                                                                     
 News and tutorials at http://www.serenity-bdd.info                                  
 Documentation at https://wakaleo.gitbooks.io/the-serenity-book/content/             
 Join the Serenity Community on Gitter: https://gitter.im/serenity-bdd/serenity-core 
 Serenity BDD Support and Training at http://serenity-bdd.info/#/trainingandsupport  
-------------------------------------------------------------------------------------

[Test worker] INFO  - Test Suite Started: Log in to the tasks evalart platform, calculate the position in the array
[pool-1-thread-1] INFO net.thucydides.core.reports.ReportService - net.thucydides.core.reports.json.JSONTestOutcomeReporter@1698bc8: Generating report for test outcome: Log in to the tasks evalart platform, calculate the position in the array:Select position in the array
[pool-2-thread-1] INFO net.thucydides.core.reports.ReportService - net.thucydides.core.reports.html.HtmlAcceptanceTestReporter@399b1767: Generating report for test outcome: Log in to the tasks evalart platform, calculate the position in the array:Select position in the array
[pool-2-thread-1] WARN org.reflections.Reflections - could not create Vfs.Dir from url. ignoring the exception and continuing
org.reflections.ReflectionsException: could not create Vfs.Dir from url, no matching UrlType was found [file:/C:/Users/MauricioLeal/Documents/Choucair/Continuoustraining/Prueba%20Bancolombia/co.com.reto.bancolombia/build/resources/main]
either use fromURL(final URL url, final List<UrlType> urlTypes) or use the static setDefaultURLTypes(final List<UrlType> urlTypes) or addDefaultURLTypes(UrlType urlType) with your specialized UrlType.
	at org.reflections.vfs.Vfs.fromURL(Vfs.java:113)
	at org.reflections.vfs.Vfs.fromURL(Vfs.java:95)
	at org.reflections.Reflections.lambda$scan$2(Reflections.java:176)
	at java.util.stream.ForEachOps$ForEachOp$OfRef.accept(ForEachOps.java:184)
	at java.util.HashMap$KeySpliterator.forEachRemaining(HashMap.java:1548)
	at java.util.stream.AbstractPipeline.copyInto(AbstractPipeline.java:481)
	at java.util.stream.ForEachOps$ForEachTask.compute(ForEachOps.java:291)
	at java.util.concurrent.CountedCompleter.exec(CountedCompleter.java:731)
	at java.util.concurrent.ForkJoinTask.doExec(ForkJoinTask.java:289)
	at java.util.concurrent.ForkJoinPool.helpComplete(ForkJoinPool.java:1870)
	at java.util.concurrent.ForkJoinPool.externalHelpComplete(ForkJoinPool.java:2467)
	at java.util.concurrent.ForkJoinTask.externalAwaitDone(ForkJoinTask.java:324)
	at java.util.concurrent.ForkJoinTask.doInvoke(ForkJoinTask.java:405)
	at java.util.concurrent.ForkJoinTask.invoke(ForkJoinTask.java:734)
	at java.util.stream.ForEachOps$ForEachOp.evaluateParallel(ForEachOps.java:160)
	at java.util.stream.ForEachOps$ForEachOp$OfRef.evaluateParallel(ForEachOps.java:174)
	at java.util.stream.AbstractPipeline.evaluate(AbstractPipeline.java:233)
	at java.util.stream.ReferencePipeline.forEach(ReferencePipeline.java:418)
	at java.util.stream.ReferencePipeline$Head.forEach(ReferencePipeline.java:583)
	at org.reflections.Reflections.scan(Reflections.java:173)
	at org.reflections.Reflections.<init>(Reflections.java:126)
	at org.reflections.Reflections.<init>(Reflections.java:159)
	at org.reflections.Reflections.<init>(Reflections.java:151)
	at net.thucydides.core.requirements.PackageRequirementsTagProvider.findAllClassesUsingReflectionsLibrary(PackageRequirementsTagProvider.java:179)
	at net.thucydides.core.requirements.PackageRequirementsTagProvider.requirementPathsFromClassesInPackage(PackageRequirementsTagProvider.java:170)
	at net.thucydides.core.requirements.PackageRequirementsTagProvider.requirementPathsStartingFrom(PackageRequirementsTagProvider.java:161)
	at net.thucydides.core.requirements.PackageRequirementsTagProvider.requirementsReadFromClasspath(PackageRequirementsTagProvider.java:120)
	at net.thucydides.core.requirements.PackageRequirementsTagProvider.fetchRequirements(PackageRequirementsTagProvider.java:103)
	at net.thucydides.core.requirements.PackageRequirementsTagProvider.getRequirements(PackageRequirementsTagProvider.java:94)
	at net.thucydides.core.requirements.RequirementsProvided.by(RequirementsProvided.java:15)
	at net.thucydides.core.requirements.MultiSourceRequirementsService.getRequirements(MultiSourceRequirementsService.java:40)
	at net.thucydides.core.requirements.BaseRequirementsService.getRequirementTypes(BaseRequirementsService.java:197)
	at net.thucydides.core.reports.html.HtmlAcceptanceTestReporter.addTestOutcomeToContext(HtmlAcceptanceTestReporter.java:188)
	at net.thucydides.core.reports.html.HtmlAcceptanceTestReporter.generateReportFor(HtmlAcceptanceTestReporter.java:105)
	at net.thucydides.core.reports.ReportService.generateReportFor(ReportService.java:246)
	at net.thucydides.core.reports.ReportService.lambda$generateReportsFor$0(ReportService.java:184)
	at java.util.concurrent.Executors$RunnableAdapter.call(Executors.java:511)
	at java.util.concurrent.FutureTask.run(FutureTask.java:266)
	at java.util.concurrent.ThreadPoolExecutor.runWorker(ThreadPoolExecutor.java:1142)
	at java.util.concurrent.ThreadPoolExecutor$Worker.run(ThreadPoolExecutor.java:617)
	at java.lang.Thread.run(Thread.java:745)
[pool-2-thread-1] INFO org.reflections.Reflections - Reflections took 381 ms to scan 237 urls, producing 0 keys and 0 values
[Test worker] INFO io.cucumber.core.plugin.SerenityReporter - Cleanup test resources for URI file:///C:/Users/MauricioLeal/Documents/Choucair/Continuoustraining/Prueba%20Bancolombia/co.com.reto.bancolombia/src/test/resources/features/number_array.feature
]]></system-err>
</testsuite>
