<?xml version="1.0" encoding="UTF-8"?><testsuite errors="0" failures="1" name="Log in to the tasks evalart platform, calculate the position in the array" skipped="0" tests="1" time="44.53" timestamp="2023-01-26 03:59:20"><testcase name="Select position in the array"><failure message="&#10;Expected: an element that is currently visible&#10;     but: no matching element found by xpath: //button[@value='158'] was not visible" type="java.lang.AssertionError">
Expected: an element that is currently visible
     but: no matching element found by xpath: //button[@value='158'] was not visible</failure><system-err>
Expected: an element that is currently visible
     but: no matching element found by xpath: //button[@value='158'] was not visible&#13;
co.com.reto.bancolombia.tasks.CalculatePosition.performAs(CalculatePosition.java:25)&#13;
co.com.reto.bancolombia.stepdefinitions.CyclesStepDefinition.iCalculatePositionOfTheNumberInTheArrayInAllCycles(CyclesStepDefinition.java:34)&#13;
io.cucumber.java.Invoker.doInvoke(Invoker.java:66)&#13;
io.cucumber.java.Invoker.invoke(Invoker.java:24)&#13;
io.cucumber.java.AbstractGlueDefinition.invokeMethod(AbstractGlueDefinition.java:47)&#13;
io.cucumber.java.JavaStepDefinition.execute(JavaStepDefinition.java:29)&#13;
io.cucumber.core.runner.CoreStepDefinition.execute(CoreStepDefinition.java:66)&#13;
io.cucumber.core.runner.PickleStepDefinitionMatch.runStep(PickleStepDefinitionMatch.java:63)&#13;
io.cucumber.core.runner.TestStep.executeStep(TestStep.java:92)&#13;
io.cucumber.core.runner.TestStep.run(TestStep.java:64)&#13;
io.cucumber.core.runner.PickleStepTestStep.run(PickleStepTestStep.java:51)&#13;
io.cucumber.core.runner.TestCase.run(TestCase.java:104)&#13;
io.cucumber.core.runner.Runner.runPickle(Runner.java:73)&#13;
io.cucumber.junit.FeatureRunner.runChild(FeatureRunner.java:135)&#13;
io.cucumber.junit.FeatureRunner.runChild(FeatureRunner.java:27)&#13;
io.cucumber.junit.CucumberSerenityRunner.runChild(CucumberSerenityRunner.java:258)&#13;
io.cucumber.junit.CucumberSerenityRunner.runChild(CucumberSerenityRunner.java:57)&#13;
</system-err></testcase></testsuite>